clr(2018-09-07 15:10:53.418clr(2018-09-07 15:10:53.422clr(2018-09-07 15:10:53.489clr(2018-09-07 15:10:54.866clr(2018-09-07 15:10:54.885clr(2018-09-07 15:10:54.886clr(2018-09-07 15:10:54.890clr(2018-09-07 15:10:54.956clr(2018-09-07 15:10:54.956clr(2018-09-07 15:10:55.616clr(2018-09-07 15:10:55.616clr(2018-09-07 15:10:55.616clr(2018-09-07 15:10:55.616clr(2018-09-07 15:10:55.617clr(2018-09-07 15:10:55.617clr(2018-09-07 15:10:55.617clr(2018-09-07 15:10:55.617clr(2018-09-07 15:10:55.619clr(2018-09-07 15:10:55.788clr(2018-09-07 15:10:55.942clr(2018-09-07 15:10:55.998clr(2018-09-07 15:10:56.000clr(2018-09-07 15:10:56.027clr(2018-09-07 15:10:56.027clr(2018-09-07 15:10:56.328clr(2018-09-07 15:10:56.611clr(2018-09-07 15:10:56.633clr(2018-09-07 15:10:56.645clr(2018-09-07 15:10:56.645clr(2018-09-07 15:10:56.646clr(2018-09-07 15:10:56.646clr(2018-09-07 15:10:56.646clr(2018-09-07 15:10:56.647clr(2018-09-07 15:10:56.647clr(2018-09-07 15:10:56.647clr(2018-09-07 15:10:56.647clr(2018-09-07 15:10:56.648clr(2018-09-07 15:10:56.648clr(2018-09-07 15:10:56.649clr(2018-09-07 15:10:56.649clr(2018-09-07 15:10:56.649clr(2018-09-07 15:10:56.649clr(2018-09-07 15:10:56.650clr(2018-09-07 15:10:56.650clr(2018-09-07 15:10:56.650clr(2018-09-07 15:10:56.650clr(2018-09-07 15:10:56.651clr(2018-09-07 15:10:56.698clr(2018-09-07 15:10:56.754clr(2018-09-07 15:10:56.759clr(2018-09-07 15:10:56.877clr(2018-09-07 15:10:56.933clr(2018-09-07 15:10:56.933clr(2018-09-07 15:10:56.966clr(2018-09-07 15:24:27.184clr(2018-09-07 15:24:27.189clr(2018-09-07 15:24:27.1892018-09-07 15:24:29.505  INFO 2271 --- [main] c.t.admin.client.AdminClientApplication  : Starting AdminClientApplication on zhangyh with PID 2271 (/Users/admin/IdeaProjects/aicar/admin-client/target/classes started by admin in /Users/admin/IdeaProjects/aicar)
2018-09-07 15:24:29.510  INFO 2271 --- [main] c.t.admin.client.AdminClientApplication  : No active profile set, falling back to default profiles: default
2018-09-07 15:24:29.621  INFO 2271 --- [main] ConfigServletWebServerApplicationContext : Refreshing org.springframework.boot.web.servlet.context.AnnotationConfigServletWebServerApplicationContext@7164ca4c: startup date [Fri Sep 07 15:24:29 CST 2018]; root of context hierarchy
2018-09-07 15:24:31.299  INFO 2271 --- [main] o.s.b.w.embedded.tomcat.TomcatWebServer  : Tomcat initialized with port(s): 8116 (http)
2018-09-07 15:24:31.318  INFO 2271 --- [main] o.apache.catalina.core.StandardService   : Starting service [Tomcat]
2018-09-07 15:24:31.319  INFO 2271 --- [main] org.apache.catalina.core.StandardEngine  : Starting Servlet Engine: Apache Tomcat/8.5.31
2018-09-07 15:24:31.325  INFO 2271 --- [localhost-startStop-1] o.a.catalina.core.AprLifecycleListener   : The APR based Apache Tomcat Native library which allows optimal performance in production environments was not found on the java.library.path: [/Users/admin/Library/Java/Extensions:/Library/Java/Extensions:/Network/Library/Java/Extensions:/System/Library/Java/Extensions:/usr/lib/java:.]
2018-09-07 15:24:31.402  INFO 2271 --- [localhost-startStop-1] o.a.c.c.C.[Tomcat].[localhost].[/]       : Initializing Spring embedded WebApplicationContext
2018-09-07 15:24:31.403  INFO 2271 --- [localhost-startStop-1] o.s.web.context.ContextLoader            : Root WebApplicationContext: initialization completed in 1781 ms
2018-09-07 15:24:32.124  INFO 2271 --- [localhost-startStop-1] o.s.b.w.servlet.FilterRegistrationBean   : Mapping filter: 'characterEncodingFilter' to: [/*]
2018-09-07 15:24:32.124  INFO 2271 --- [localhost-startStop-1] o.s.b.w.servlet.FilterRegistrationBean   : Mapping filter: 'hiddenHttpMethodFilter' to: [/*]
2018-09-07 15:24:32.124  INFO 2271 --- [localhost-startStop-1] o.s.b.w.servlet.FilterRegistrationBean   : Mapping filter: 'httpPutFormContentFilter' to: [/*]
2018-09-07 15:24:32.125  INFO 2271 --- [localhost-startStop-1] o.s.b.w.servlet.FilterRegistrationBean   : Mapping filter: 'requestContextFilter' to: [/*]
2018-09-07 15:24:32.126  INFO 2271 --- [localhost-startStop-1] .s.DelegatingFilterProxyRegistrationBean : Mapping filter: 'springSecurityFilterChain' to: [/*]
2018-09-07 15:24:32.126  INFO 2271 --- [localhost-startStop-1] o.s.b.w.servlet.FilterRegistrationBean   : Mapping filter: 'httpTraceFilter' to: [/*]
2018-09-07 15:24:32.126  INFO 2271 --- [localhost-startStop-1] o.s.b.w.servlet.FilterRegistrationBean   : Mapping filter: 'webMvcMetricsFilter' to: [/*]
2018-09-07 15:24:32.126  INFO 2271 --- [localhost-startStop-1] o.s.b.w.servlet.ServletRegistrationBean  : Servlet dispatcherServlet mapped to [/]
2018-09-07 15:24:32.128  INFO 2271 --- [localhost-startStop-1] o.s.b.a.e.web.ServletEndpointRegistrar   : Registered '/actuator/jolokia' to jolokia-actuator-endpoint
2018-09-07 15:24:32.349  INFO 2271 --- [main] o.s.w.s.handler.SimpleUrlHandlerMapping  : Mapped URL path [/**/favicon.ico] onto handler of type [class org.springframework.web.servlet.resource.ResourceHttpRequestHandler]
2018-09-07 15:24:32.562  INFO 2271 --- [main] s.w.s.m.m.a.RequestMappingHandlerAdapter : Looking for @ControllerAdvice: org.springframework.boot.web.servlet.context.AnnotationConfigServletWebServerApplicationContext@7164ca4c: startup date [Fri Sep 07 15:24:29 CST 2018]; root of context hierarchy
2018-09-07 15:24:32.695  INFO 2271 --- [main] s.w.s.m.m.a.RequestMappingHandlerMapping : Mapped "{[/error]}" onto public org.springframework.http.ResponseEntity<java.util.Map<java.lang.String, java.lang.Object>> org.springframework.boot.autoconfigure.web.servlet.error.BasicErrorController.error(javax.servlet.http.HttpServletRequest)
2018-09-07 15:24:32.696  INFO 2271 --- [main] s.w.s.m.m.a.RequestMappingHandlerMapping : Mapped "{[/error],produces=[text/html]}" onto public org.springframework.web.servlet.ModelAndView org.springframework.boot.autoconfigure.web.servlet.error.BasicErrorController.errorHtml(javax.servlet.http.HttpServletRequest,javax.servlet.http.HttpServletResponse)
2018-09-07 15:24:32.727  INFO 2271 --- [main] o.s.w.s.handler.SimpleUrlHandlerMapping  : Mapped URL path [/webjars/**] onto handler of type [class org.springframework.web.servlet.resource.ResourceHttpRequestHandler]
2018-09-07 15:24:32.727  INFO 2271 --- [main] o.s.w.s.handler.SimpleUrlHandlerMapping  : Mapped URL path [/**] onto handler of type [class org.springframework.web.servlet.resource.ResourceHttpRequestHandler]
2018-09-07 15:24:32.968  INFO 2271 --- [main] o.s.s.c.ThreadPoolTaskScheduler          : Initializing ExecutorService 
2018-09-07 15:24:33.277  INFO 2271 --- [main] o.s.s.web.DefaultSecurityFilterChain     : Creating filter chain: org.springframework.security.web.util.matcher.AnyRequestMatcher@1, [org.springframework.security.web.context.request.async.WebAsyncManagerIntegrationFilter@5b47731f, org.springframework.security.web.context.SecurityContextPersistenceFilter@502a4156, org.springframework.security.web.header.HeaderWriterFilter@40de8f93, org.springframework.security.web.authentication.logout.LogoutFilter@64942607, org.springframework.security.web.savedrequest.RequestCacheAwareFilter@64e1377c, org.springframework.security.web.servletapi.SecurityContextHolderAwareRequestFilter@27abb6ca, org.springframework.security.web.authentication.AnonymousAuthenticationFilter@233db8e9, org.springframework.security.web.session.SessionManagementFilter@1163a27, org.springframework.security.web.access.ExceptionTranslationFilter@7134b8a7, org.springframework.security.web.access.intercept.FilterSecurityInterceptor@66a5755]
2018-09-07 15:24:33.302  INFO 2271 --- [main] o.s.b.a.e.web.EndpointLinksResolver      : Exposing 16 endpoint(s) beneath base path '/actuator'
2018-09-07 15:24:33.314  INFO 2271 --- [main] s.b.a.e.w.s.WebMvcEndpointHandlerMapping : Mapped "{[/actuator/auditevents],methods=[GET],produces=[application/vnd.spring-boot.actuator.v2+json || application/json]}" onto public java.lang.Object org.springframework.boot.actuate.endpoint.web.servlet.AbstractWebMvcEndpointHandlerMapping$OperationHandler.handle(javax.servlet.http.HttpServletRequest,java.util.Map<java.lang.String, java.lang.String>)
2018-09-07 15:24:33.314  INFO 2271 --- [main] s.b.a.e.w.s.WebMvcEndpointHandlerMapping : Mapped "{[/actuator/beans],methods=[GET],produces=[application/vnd.spring-boot.actuator.v2+json || application/json]}" onto public java.lang.Object org.springframework.boot.actuate.endpoint.web.servlet.AbstractWebMvcEndpointHandlerMapping$OperationHandler.handle(javax.servlet.http.HttpServletRequest,java.util.Map<java.lang.String, java.lang.String>)
2018-09-07 15:24:33.315  INFO 2271 --- [main] s.b.a.e.w.s.WebMvcEndpointHandlerMapping : Mapped "{[/actuator/health],methods=[GET],produces=[application/vnd.spring-boot.actuator.v2+json || application/json]}" onto public java.lang.Object org.springframework.boot.actuate.endpoint.web.servlet.AbstractWebMvcEndpointHandlerMapping$OperationHandler.handle(javax.servlet.http.HttpServletRequest,java.util.Map<java.lang.String, java.lang.String>)
2018-09-07 15:24:33.315  INFO 2271 --- [main] s.b.a.e.w.s.WebMvcEndpointHandlerMapping : Mapped "{[/actuator/conditions],methods=[GET],produces=[application/vnd.spring-boot.actuator.v2+json || application/json]}" onto public java.lang.Object org.springframework.boot.actuate.endpoint.web.servlet.AbstractWebMvcEndpointHandlerMapping$OperationHandler.handle(javax.servlet.http.HttpServletRequest,java.util.Map<java.lang.String, java.lang.String>)
2018-09-07 15:24:33.316  INFO 2271 --- [main] s.b.a.e.w.s.WebMvcEndpointHandlerMapping : Mapped "{[/actuator/configprops],methods=[GET],produces=[application/vnd.spring-boot.actuator.v2+json || application/json]}" onto public java.lang.Object org.springframework.boot.actuate.endpoint.web.servlet.AbstractWebMvcEndpointHandlerMapping$OperationHandler.handle(javax.servlet.http.HttpServletRequest,java.util.Map<java.lang.String, java.lang.String>)
2018-09-07 15:24:33.316  INFO 2271 --- [main] s.b.a.e.w.s.WebMvcEndpointHandlerMapping : Mapped "{[/actuator/env],methods=[GET],produces=[application/vnd.spring-boot.actuator.v2+json || application/json]}" onto public java.lang.Object org.springframework.boot.actuate.endpoint.web.servlet.AbstractWebMvcEndpointHandlerMapping$OperationHandler.handle(javax.servlet.http.HttpServletRequest,java.util.Map<java.lang.String, java.lang.String>)
2018-09-07 15:24:33.316  INFO 2271 --- [main] s.b.a.e.w.s.WebMvcEndpointHandlerMapping : Mapped "{[/actuator/env/{toMatch}],methods=[GET],produces=[application/vnd.spring-boot.actuator.v2+json || application/json]}" onto public java.lang.Object org.springframework.boot.actuate.endpoint.web.servlet.AbstractWebMvcEndpointHandlerMapping$OperationHandler.handle(javax.servlet.http.HttpServletRequest,java.util.Map<java.lang.String, java.lang.String>)
2018-09-07 15:24:33.317  INFO 2271 --- [main] s.b.a.e.w.s.WebMvcEndpointHandlerMapping : Mapped "{[/actuator/info],methods=[GET],produces=[application/vnd.spring-boot.actuator.v2+json || application/json]}" onto public java.lang.Object org.springframework.boot.actuate.endpoint.web.servlet.AbstractWebMvcEndpointHandlerMapping$OperationHandler.handle(javax.servlet.http.HttpServletRequest,java.util.Map<java.lang.String, java.lang.String>)
2018-09-07 15:24:33.317  INFO 2271 --- [main] s.b.a.e.w.s.WebMvcEndpointHandlerMapping : Mapped "{[/actuator/logfile],methods=[GET],produces=[application/octet-stream]}" onto public java.lang.Object org.springframework.boot.actuate.endpoint.web.servlet.AbstractWebMvcEndpointHandlerMapping$OperationHandler.handle(javax.servlet.http.HttpServletRequest,java.util.Map<java.lang.String, java.lang.String>)
2018-09-07 15:24:33.318  INFO 2271 --- [main] s.b.a.e.w.s.WebMvcEndpointHandlerMapping : Mapped "{[/actuator/loggers/{name}],methods=[GET],produces=[application/vnd.spring-boot.actuator.v2+json || application/json]}" onto public java.lang.Object org.springframework.boot.actuate.endpoint.web.servlet.AbstractWebMvcEndpointHandlerMapping$OperationHandler.handle(javax.servlet.http.HttpServletRequest,java.util.Map<java.lang.String, java.lang.String>)
2018-09-07 15:24:33.318  INFO 2271 --- [main] s.b.a.e.w.s.WebMvcEndpointHandlerMapping : Mapped "{[/actuator/loggers/{name}],methods=[POST],consumes=[application/vnd.spring-boot.actuator.v2+json || application/json]}" onto public java.lang.Object org.springframework.boot.actuate.endpoint.web.servlet.AbstractWebMvcEndpointHandlerMapping$OperationHandler.handle(javax.servlet.http.HttpServletRequest,java.util.Map<java.lang.String, java.lang.String>)
2018-09-07 15:24:33.319  INFO 2271 --- [main] s.b.a.e.w.s.WebMvcEndpointHandlerMapping : Mapped "{[/actuator/loggers],methods=[GET],produces=[application/vnd.spring-boot.actuator.v2+json || application/json]}" onto public java.lang.Object org.springframework.boot.actuate.endpoint.web.servlet.AbstractWebMvcEndpointHandlerMapping$OperationHandler.handle(javax.servlet.http.HttpServletRequest,java.util.Map<java.lang.String, java.lang.String>)
2018-09-07 15:24:33.319  INFO 2271 --- [main] s.b.a.e.w.s.WebMvcEndpointHandlerMapping : Mapped "{[/actuator/heapdump],methods=[GET],produces=[application/octet-stream]}" onto public java.lang.Object org.springframework.boot.actuate.endpoint.web.servlet.AbstractWebMvcEndpointHandlerMapping$OperationHandler.handle(javax.servlet.http.HttpServletRequest,java.util.Map<java.lang.String, java.lang.String>)
2018-09-07 15:24:33.319  INFO 2271 --- [main] s.b.a.e.w.s.WebMvcEndpointHandlerMapping : Mapped "{[/actuator/threaddump],methods=[GET],produces=[application/vnd.spring-boot.actuator.v2+json || application/json]}" onto public java.lang.Object org.springframework.boot.actuate.endpoint.web.servlet.AbstractWebMvcEndpointHandlerMapping$OperationHandler.handle(javax.servlet.http.HttpServletRequest,java.util.Map<java.lang.String, java.lang.String>)
2018-09-07 15:24:33.319  INFO 2271 --- [main] s.b.a.e.w.s.WebMvcEndpointHandlerMapping : Mapped "{[/actuator/metrics/{requiredMetricName}],methods=[GET],produces=[application/vnd.spring-boot.actuator.v2+json || application/json]}" onto public java.lang.Object org.springframework.boot.actuate.endpoint.web.servlet.AbstractWebMvcEndpointHandlerMapping$OperationHandler.handle(javax.servlet.http.HttpServletRequest,java.util.Map<java.lang.String, java.lang.String>)
2018-09-07 15:24:33.320  INFO 2271 --- [main] s.b.a.e.w.s.WebMvcEndpointHandlerMapping : Mapped "{[/actuator/metrics],methods=[GET],produces=[application/vnd.spring-boot.actuator.v2+json || application/json]}" onto public java.lang.Object org.springframework.boot.actuate.endpoint.web.servlet.AbstractWebMvcEndpointHandlerMapping$OperationHandler.handle(javax.servlet.http.HttpServletRequest,java.util.Map<java.lang.String, java.lang.String>)
2018-09-07 15:24:33.320  INFO 2271 --- [main] s.b.a.e.w.s.WebMvcEndpointHandlerMapping : Mapped "{[/actuator/scheduledtasks],methods=[GET],produces=[application/vnd.spring-boot.actuator.v2+json || application/json]}" onto public java.lang.Object org.springframework.boot.actuate.endpoint.web.servlet.AbstractWebMvcEndpointHandlerMapping$OperationHandler.handle(javax.servlet.http.HttpServletRequest,java.util.Map<java.lang.String, java.lang.String>)
2018-09-07 15:24:33.320  INFO 2271 --- [main] s.b.a.e.w.s.WebMvcEndpointHandlerMapping : Mapped "{[/actuator/httptrace],methods=[GET],produces=[application/vnd.spring-boot.actuator.v2+json || application/json]}" onto public java.lang.Object org.springframework.boot.actuate.endpoint.web.servlet.AbstractWebMvcEndpointHandlerMapping$OperationHandler.handle(javax.servlet.http.HttpServletRequest,java.util.Map<java.lang.String, java.lang.String>)
2018-09-07 15:24:33.320  INFO 2271 --- [main] s.b.a.e.w.s.WebMvcEndpointHandlerMapping : Mapped "{[/actuator/mappings],methods=[GET],produces=[application/vnd.spring-boot.actuator.v2+json || application/json]}" onto public java.lang.Object org.springframework.boot.actuate.endpoint.web.servlet.AbstractWebMvcEndpointHandlerMapping$OperationHandler.handle(javax.servlet.http.HttpServletRequest,java.util.Map<java.lang.String, java.lang.String>)
2018-09-07 15:24:33.321  INFO 2271 --- [main] s.b.a.e.w.s.WebMvcEndpointHandlerMapping : Mapped "{[/actuator],methods=[GET],produces=[application/vnd.spring-boot.actuator.v2+json || application/json]}" onto protected java.util.Map<java.lang.String, java.util.Map<java.lang.String, org.springframework.boot.actuate.endpoint.web.Link>> org.springframework.boot.actuate.endpoint.web.servlet.WebMvcEndpointHandlerMapping.links(javax.servlet.http.HttpServletRequest,javax.servlet.http.HttpServletResponse)
2018-09-07 15:24:33.376  INFO 2271 --- [main] o.s.j.e.a.AnnotationMBeanExporter        : Registering beans for JMX exposure on startup
2018-09-07 15:24:33.434  INFO 2271 --- [main] o.s.b.w.embedded.tomcat.TomcatWebServer  : Tomcat started on port(s): 8116 (http) with context path ''
2018-09-07 15:24:33.439  INFO 2271 --- [main] c.t.admin.client.AdminClientApplication  : Started AdminClientApplication in 4.441 seconds (JVM running for 5.2)
2018-09-07 15:24:33.554  INFO 2271 --- [registrationTask1] d.c.b.a.c.r.ApplicationRegistrator       : Application registered itself as e8eb8918fb7b
2018-09-07 15:24:33.600  INFO 2271 --- [http-nio-8116-exec-2] o.a.c.c.C.[Tomcat].[localhost].[/]       : Initializing Spring FrameworkServlet 'dispatcherServlet'
2018-09-07 15:24:33.600  INFO 2271 --- [http-nio-8116-exec-2] o.s.web.servlet.DispatcherServlet        : FrameworkServlet 'dispatcherServlet': initialization started
2018-09-07 15:24:33.618  INFO 2271 --- [http-nio-8116-exec-2] o.s.web.servlet.DispatcherServlet        : FrameworkServlet 'dispatcherServlet': initialization completed in 18 ms
2018-09-07 15:29:46.864  INFO 2271 --- [Thread-15] ConfigServletWebServerApplicationContext : Closing org.springframework.boot.web.servlet.context.AnnotationConfigServletWebServerApplicationContext@7164ca4c: startup date [Fri Sep 07 15:24:29 CST 2018]; root of context hierarchy
2018-09-07 15:29:46.870  INFO 2271 --- [Thread-15] o.s.j.e.a.AnnotationMBeanExporter        : Unregistering JMX-exposed beans on shutdown
2018-09-07 15:29:46.871  INFO 2271 --- [Thread-15] o.s.s.c.ThreadPoolTaskScheduler          : Shutting down ExecutorService
2018-09-07 15:29:50.128  INFO 2285 --- [main] c.t.admin.client.AdminClientApplication  : Starting AdminClientApplication on zhangyh with PID 2285 (/Users/admin/IdeaProjects/aicar/admin-client/target/classes started by admin in /Users/admin/IdeaProjects/aicar)
2018-09-07 15:29:50.132  INFO 2285 --- [main] c.t.admin.client.AdminClientApplication  : No active profile set, falling back to default profiles: default
2018-09-07 15:29:50.259  INFO 2285 --- [main] ConfigServletWebServerApplicationContext : Refreshing org.springframework.boot.web.servlet.context.AnnotationConfigServletWebServerApplicationContext@479460a6: startup date [Fri Sep 07 15:29:50 CST 2018]; root of context hierarchy
2018-09-07 15:29:51.739  INFO 2285 --- [main] o.s.b.w.embedded.tomcat.TomcatWebServer  : Tomcat initialized with port(s): 8116 (http)
2018-09-07 15:29:51.758  INFO 2285 --- [main] o.apache.catalina.core.StandardService   : Starting service [Tomcat]
2018-09-07 15:29:51.759  INFO 2285 --- [main] org.apache.catalina.core.StandardEngine  : Starting Servlet Engine: Apache Tomcat/8.5.31
2018-09-07 15:29:51.763  INFO 2285 --- [localhost-startStop-1] o.a.catalina.core.AprLifecycleListener   : The APR based Apache Tomcat Native library which allows optimal performance in production environments was not found on the java.library.path: [/Users/admin/Library/Java/Extensions:/Library/Java/Extensions:/Network/Library/Java/Extensions:/System/Library/Java/Extensions:/usr/lib/java:.]
2018-09-07 15:29:51.831  INFO 2285 --- [localhost-startStop-1] o.a.c.c.C.[Tomcat].[localhost].[/]       : Initializing Spring embedded WebApplicationContext
2018-09-07 15:29:51.831  INFO 2285 --- [localhost-startStop-1] o.s.web.context.ContextLoader            : Root WebApplicationContext: initialization completed in 1573 ms
2018-09-07 15:29:52.577  INFO 2285 --- [localhost-startStop-1] o.s.b.w.servlet.FilterRegistrationBean   : Mapping filter: 'characterEncodingFilter' to: [/*]
2018-09-07 15:29:52.577  INFO 2285 --- [localhost-startStop-1] o.s.b.w.servlet.FilterRegistrationBean   : Mapping filter: 'hiddenHttpMethodFilter' to: [/*]
2018-09-07 15:29:52.577  INFO 2285 --- [localhost-startStop-1] o.s.b.w.servlet.FilterRegistrationBean   : Mapping filter: 'httpPutFormContentFilter' to: [/*]
2018-09-07 15:29:52.577  INFO 2285 --- [localhost-startStop-1] o.s.b.w.servlet.FilterRegistrationBean   : Mapping filter: 'requestContextFilter' to: [/*]
2018-09-07 15:29:52.578  INFO 2285 --- [localhost-startStop-1] .s.DelegatingFilterProxyRegistrationBean : Mapping filter: 'springSecurityFilterChain' to: [/*]
2018-09-07 15:29:52.579  INFO 2285 --- [localhost-startStop-1] o.s.b.w.servlet.FilterRegistrationBean   : Mapping filter: 'httpTraceFilter' to: [/*]
2018-09-07 15:29:52.579  INFO 2285 --- [localhost-startStop-1] o.s.b.w.servlet.FilterRegistrationBean   : Mapping filter: 'webMvcMetricsFilter' to: [/*]
2018-09-07 15:29:52.579  INFO 2285 --- [localhost-startStop-1] o.s.b.w.servlet.ServletRegistrationBean  : Servlet dispatcherServlet mapped to [/]
2018-09-07 15:29:52.582  INFO 2285 --- [localhost-startStop-1] o.s.b.a.e.web.ServletEndpointRegistrar   : Registered '/actuator/jolokia' to jolokia-actuator-endpoint
2018-09-07 15:29:52.794  INFO 2285 --- [main] o.s.w.s.handler.SimpleUrlHandlerMapping  : Mapped URL path [/**/favicon.ico] onto handler of type [class org.springframework.web.servlet.resource.ResourceHttpRequestHandler]
2018-09-07 15:29:52.942  INFO 2285 --- [main] s.w.s.m.m.a.RequestMappingHandlerAdapter : Looking for @ControllerAdvice: org.springframework.boot.web.servlet.context.AnnotationConfigServletWebServerApplicationContext@479460a6: startup date [Fri Sep 07 15:29:50 CST 2018]; root of context hierarchy
2018-09-07 15:29:53.088  INFO 2285 --- [main] s.w.s.m.m.a.RequestMappingHandlerMapping : Mapped "{[],methods=[GET]}" onto public java.lang.String com.ttyc.admin.client.AdminClientApplication.info()
2018-09-07 15:29:53.093  INFO 2285 --- [main] s.w.s.m.m.a.RequestMappingHandlerMapping : Mapped "{[/error]}" onto public org.springframework.http.ResponseEntity<java.util.Map<java.lang.String, java.lang.Object>> org.springframework.boot.autoconfigure.web.servlet.error.BasicErrorController.error(javax.servlet.http.HttpServletRequest)
2018-09-07 15:29:53.094  INFO 2285 --- [main] s.w.s.m.m.a.RequestMappingHandlerMapping : Mapped "{[/error],produces=[text/html]}" onto public org.springframework.web.servlet.ModelAndView org.springframework.boot.autoconfigure.web.servlet.error.BasicErrorController.errorHtml(javax.servlet.http.HttpServletRequest,javax.servlet.http.HttpServletResponse)
2018-09-07 15:29:53.121  INFO 2285 --- [main] o.s.w.s.handler.SimpleUrlHandlerMapping  : Mapped URL path [/webjars/**] onto handler of type [class org.springframework.web.servlet.resource.ResourceHttpRequestHandler]
2018-09-07 15:29:53.121  INFO 2285 --- [main] o.s.w.s.handler.SimpleUrlHandlerMapping  : Mapped URL path [/**] onto handler of type [class org.springframework.web.servlet.resource.ResourceHttpRequestHandler]
2018-09-07 15:29:53.348  INFO 2285 --- [main] o.s.s.c.ThreadPoolTaskScheduler          : Initializing ExecutorService 
2018-09-07 15:29:53.660  INFO 2285 --- [main] o.s.s.web.DefaultSecurityFilterChain     : Creating filter chain: org.springframework.security.web.util.matcher.AnyRequestMatcher@1, [org.springframework.security.web.context.request.async.WebAsyncManagerIntegrationFilter@4fb04a72, org.springframework.security.web.context.SecurityContextPersistenceFilter@32eae6f2, org.springframework.security.web.header.HeaderWriterFilter@4fa4f485, org.springframework.security.web.authentication.logout.LogoutFilter@6274670b, org.springframework.security.web.savedrequest.RequestCacheAwareFilter@73a0f2b, org.springframework.security.web.servletapi.SecurityContextHolderAwareRequestFilter@6a5e167a, org.springframework.security.web.authentication.AnonymousAuthenticationFilter@1e79d43, org.springframework.security.web.session.SessionManagementFilter@550e9be6, org.springframework.security.web.access.ExceptionTranslationFilter@6af90849, org.springframework.security.web.access.intercept.FilterSecurityInterceptor@36ab3814]
2018-09-07 15:29:53.684  INFO 2285 --- [main] o.s.b.a.e.web.EndpointLinksResolver      : Exposing 16 endpoint(s) beneath base path '/actuator'
2018-09-07 15:29:53.695  INFO 2285 --- [main] s.b.a.e.w.s.WebMvcEndpointHandlerMapping : Mapped "{[/actuator/auditevents],methods=[GET],produces=[application/vnd.spring-boot.actuator.v2+json || application/json]}" onto public java.lang.Object org.springframework.boot.actuate.endpoint.web.servlet.AbstractWebMvcEndpointHandlerMapping$OperationHandler.handle(javax.servlet.http.HttpServletRequest,java.util.Map<java.lang.String, java.lang.String>)
2018-09-07 15:29:53.696  INFO 2285 --- [main] s.b.a.e.w.s.WebMvcEndpointHandlerMapping : Mapped "{[/actuator/beans],methods=[GET],produces=[application/vnd.spring-boot.actuator.v2+json || application/json]}" onto public java.lang.Object org.springframework.boot.actuate.endpoint.web.servlet.AbstractWebMvcEndpointHandlerMapping$OperationHandler.handle(javax.servlet.http.HttpServletRequest,java.util.Map<java.lang.String, java.lang.String>)
2018-09-07 15:29:53.697  INFO 2285 --- [main] s.b.a.e.w.s.WebMvcEndpointHandlerMapping : Mapped "{[/actuator/health],methods=[GET],produces=[application/vnd.spring-boot.actuator.v2+json || application/json]}" onto public java.lang.Object org.springframework.boot.actuate.endpoint.web.servlet.AbstractWebMvcEndpointHandlerMapping$OperationHandler.handle(javax.servlet.http.HttpServletRequest,java.util.Map<java.lang.String, java.lang.String>)
2018-09-07 15:29:53.697  INFO 2285 --- [main] s.b.a.e.w.s.WebMvcEndpointHandlerMapping : Mapped "{[/actuator/conditions],methods=[GET],produces=[application/vnd.spring-boot.actuator.v2+json || application/json]}" onto public java.lang.Object org.springframework.boot.actuate.endpoint.web.servlet.AbstractWebMvcEndpointHandlerMapping$OperationHandler.handle(javax.servlet.http.HttpServletRequest,java.util.Map<java.lang.String, java.lang.String>)
2018-09-07 15:29:53.697  INFO 2285 --- [main] s.b.a.e.w.s.WebMvcEndpointHandlerMapping : Mapped "{[/actuator/configprops],methods=[GET],produces=[application/vnd.spring-boot.actuator.v2+json || application/json]}" onto public java.lang.Object org.springframework.boot.actuate.endpoint.web.servlet.AbstractWebMvcEndpointHandlerMapping$OperationHandler.handle(javax.servlet.http.HttpServletRequest,java.util.Map<java.lang.String, java.lang.String>)
2018-09-07 15:29:53.697  INFO 2285 --- [main] s.b.a.e.w.s.WebMvcEndpointHandlerMapping : Mapped "{[/actuator/env],methods=[GET],produces=[application/vnd.spring-boot.actuator.v2+json || application/json]}" onto public java.lang.Object org.springframework.boot.actuate.endpoint.web.servlet.AbstractWebMvcEndpointHandlerMapping$OperationHandler.handle(javax.servlet.http.HttpServletRequest,java.util.Map<java.lang.String, java.lang.String>)
2018-09-07 15:29:53.698  INFO 2285 --- [main] s.b.a.e.w.s.WebMvcEndpointHandlerMapping : Mapped "{[/actuator/env/{toMatch}],methods=[GET],produces=[application/vnd.spring-boot.actuator.v2+json || application/json]}" onto public java.lang.Object org.springframework.boot.actuate.endpoint.web.servlet.AbstractWebMvcEndpointHandlerMapping$OperationHandler.handle(javax.servlet.http.HttpServletRequest,java.util.Map<java.lang.String, java.lang.String>)
2018-09-07 15:29:53.698  INFO 2285 --- [main] s.b.a.e.w.s.WebMvcEndpointHandlerMapping : Mapped "{[/actuator/info],methods=[GET],produces=[application/vnd.spring-boot.actuator.v2+json || application/json]}" onto public java.lang.Object org.springframework.boot.actuate.endpoint.web.servlet.AbstractWebMvcEndpointHandlerMapping$OperationHandler.handle(javax.servlet.http.HttpServletRequest,java.util.Map<java.lang.String, java.lang.String>)
2018-09-07 15:29:53.698  INFO 2285 --- [main] s.b.a.e.w.s.WebMvcEndpointHandlerMapping : Mapped "{[/actuator/logfile],methods=[GET],produces=[application/octet-stream]}" onto public java.lang.Object org.springframework.boot.actuate.endpoint.web.servlet.AbstractWebMvcEndpointHandlerMapping$OperationHandler.handle(javax.servlet.http.HttpServletRequest,java.util.Map<java.lang.String, java.lang.String>)
2018-09-07 15:29:53.698  INFO 2285 --- [main] s.b.a.e.w.s.WebMvcEndpointHandlerMapping : Mapped "{[/actuator/loggers/{name}],methods=[GET],produces=[application/vnd.spring-boot.actuator.v2+json || application/json]}" onto public java.lang.Object org.springframework.boot.actuate.endpoint.web.servlet.AbstractWebMvcEndpointHandlerMapping$OperationHandler.handle(javax.servlet.http.HttpServletRequest,java.util.Map<java.lang.String, java.lang.String>)
2018-09-07 15:29:53.699  INFO 2285 --- [main] s.b.a.e.w.s.WebMvcEndpointHandlerMapping : Mapped "{[/actuator/loggers/{name}],methods=[POST],consumes=[application/vnd.spring-boot.actuator.v2+json || application/json]}" onto public java.lang.Object org.springframework.boot.actuate.endpoint.web.servlet.AbstractWebMvcEndpointHandlerMapping$OperationHandler.handle(javax.servlet.http.HttpServletRequest,java.util.Map<java.lang.String, java.lang.String>)
2018-09-07 15:29:53.699  INFO 2285 --- [main] s.b.a.e.w.s.WebMvcEndpointHandlerMapping : Mapped "{[/actuator/loggers],methods=[GET],produces=[application/vnd.spring-boot.actuator.v2+json || application/json]}" onto public java.lang.Object org.springframework.boot.actuate.endpoint.web.servlet.AbstractWebMvcEndpointHandlerMapping$OperationHandler.handle(javax.servlet.http.HttpServletRequest,java.util.Map<java.lang.String, java.lang.String>)
2018-09-07 15:29:53.700  INFO 2285 --- [main] s.b.a.e.w.s.WebMvcEndpointHandlerMapping : Mapped "{[/actuator/heapdump],methods=[GET],produces=[application/octet-stream]}" onto public java.lang.Object org.springframework.boot.actuate.endpoint.web.servlet.AbstractWebMvcEndpointHandlerMapping$OperationHandler.handle(javax.servlet.http.HttpServletRequest,java.util.Map<java.lang.String, java.lang.String>)
2018-09-07 15:29:53.700  INFO 2285 --- [main] s.b.a.e.w.s.WebMvcEndpointHandlerMapping : Mapped "{[/actuator/threaddump],methods=[GET],produces=[application/vnd.spring-boot.actuator.v2+json || application/json]}" onto public java.lang.Object org.springframework.boot.actuate.endpoint.web.servlet.AbstractWebMvcEndpointHandlerMapping$OperationHandler.handle(javax.servlet.http.HttpServletRequest,java.util.Map<java.lang.String, java.lang.String>)
2018-09-07 15:29:53.700  INFO 2285 --- [main] s.b.a.e.w.s.WebMvcEndpointHandlerMapping : Mapped "{[/actuator/metrics/{requiredMetricName}],methods=[GET],produces=[application/vnd.spring-boot.actuator.v2+json || application/json]}" onto public java.lang.Object org.springframework.boot.actuate.endpoint.web.servlet.AbstractWebMvcEndpointHandlerMapping$OperationHandler.handle(javax.servlet.http.HttpServletRequest,java.util.Map<java.lang.String, java.lang.String>)
2018-09-07 15:29:53.700  INFO 2285 --- [main] s.b.a.e.w.s.WebMvcEndpointHandlerMapping : Mapped "{[/actuator/metrics],methods=[GET],produces=[application/vnd.spring-boot.actuator.v2+json || application/json]}" onto public java.lang.Object org.springframework.boot.actuate.endpoint.web.servlet.AbstractWebMvcEndpointHandlerMapping$OperationHandler.handle(javax.servlet.http.HttpServletRequest,java.util.Map<java.lang.String, java.lang.String>)
2018-09-07 15:29:53.701  INFO 2285 --- [main] s.b.a.e.w.s.WebMvcEndpointHandlerMapping : Mapped "{[/actuator/scheduledtasks],methods=[GET],produces=[application/vnd.spring-boot.actuator.v2+json || application/json]}" onto public java.lang.Object org.springframework.boot.actuate.endpoint.web.servlet.AbstractWebMvcEndpointHandlerMapping$OperationHandler.handle(javax.servlet.http.HttpServletRequest,java.util.Map<java.lang.String, java.lang.String>)
2018-09-07 15:29:53.701  INFO 2285 --- [main] s.b.a.e.w.s.WebMvcEndpointHandlerMapping : Mapped "{[/actuator/httptrace],methods=[GET],produces=[application/vnd.spring-boot.actuator.v2+json || application/json]}" onto public java.lang.Object org.springframework.boot.actuate.endpoint.web.servlet.AbstractWebMvcEndpointHandlerMapping$OperationHandler.handle(javax.servlet.http.HttpServletRequest,java.util.Map<java.lang.String, java.lang.String>)
2018-09-07 15:29:53.701  INFO 2285 --- [main] s.b.a.e.w.s.WebMvcEndpointHandlerMapping : Mapped "{[/actuator/mappings],methods=[GET],produces=[application/vnd.spring-boot.actuator.v2+json || application/json]}" onto public java.lang.Object org.springframework.boot.actuate.endpoint.web.servlet.AbstractWebMvcEndpointHandlerMapping$OperationHandler.handle(javax.servlet.http.HttpServletRequest,java.util.Map<java.lang.String, java.lang.String>)
2018-09-07 15:29:53.702  INFO 2285 --- [main] s.b.a.e.w.s.WebMvcEndpointHandlerMapping : Mapped "{[/actuator],methods=[GET],produces=[application/vnd.spring-boot.actuator.v2+json || application/json]}" onto protected java.util.Map<java.lang.String, java.util.Map<java.lang.String, org.springframework.boot.actuate.endpoint.web.Link>> org.springframework.boot.actuate.endpoint.web.servlet.WebMvcEndpointHandlerMapping.links(javax.servlet.http.HttpServletRequest,javax.servlet.http.HttpServletResponse)
2018-09-07 15:29:53.759  INFO 2285 --- [main] o.s.j.e.a.AnnotationMBeanExporter        : Registering beans for JMX exposure on startup
2018-09-07 15:29:53.826  INFO 2285 --- [main] o.s.b.w.embedded.tomcat.TomcatWebServer  : Tomcat started on port(s): 8116 (http) with context path ''
2018-09-07 15:29:53.830  INFO 2285 --- [main] c.t.admin.client.AdminClientApplication  : Started AdminClientApplication in 4.154 seconds (JVM running for 4.879)
2018-09-07 15:29:53.985  INFO 2285 --- [registrationTask1] d.c.b.a.c.r.ApplicationRegistrator       : Application registered itself as e8eb8918fb7b
2018-09-07 15:29:54.041  INFO 2285 --- [http-nio-8116-exec-2] o.a.c.c.C.[Tomcat].[localhost].[/]       : Initializing Spring FrameworkServlet 'dispatcherServlet'
2018-09-07 15:29:54.042  INFO 2285 --- [http-nio-8116-exec-2] o.s.web.servlet.DispatcherServlet        : FrameworkServlet 'dispatcherServlet': initialization started
2018-09-07 15:29:54.060  INFO 2285 --- [http-nio-8116-exec-2] o.s.web.servlet.DispatcherServlet        : FrameworkServlet 'dispatcherServlet': initialization completed in 17 ms
2018-09-07 15:31:13.267  INFO 2285 --- [http-nio-8116-exec-3] o.apache.tomcat.util.http.parser.Cookie  : A cookie header was received [1535513584,1536061442,1536287523; Hm_lpvt_6ba54465c1ff0c31b169e7a89d3dbe37=1536292534; __atuvc=42%7C32%2C10%7C33%2C2%7C34%2C35%7C35%2C10%7C36; JSESSIONID=2599F20583FAC6216F710D49C6788B83] that contained an invalid cookie. That cookie will be ignored.Note: further occurrences of this error will be logged at DEBUG level.
2018-09-07 15:31:47.006 DEBUG 2285 --- [http-nio-8116-exec-3] c.t.admin.client.AdminClientApplication  : 测试日志级别
2018-09-07 15:31:47.355 DEBUG 2285 --- [http-nio-8116-exec-9] c.t.admin.client.AdminClientApplication  : 测试日志级别
2018-09-07 15:31:47.579 DEBUG 2285 --- [http-nio-8116-exec-2] c.t.admin.client.AdminClientApplication  : 测试日志级别
2018-09-07 15:34:10.998 DEBUG 2285 --- [http-nio-8116-exec-3] c.t.admin.client.AdminClientApplication  : 测试日志级别
2018-09-07 15:35:53.392 DEBUG 2285 --- [http-nio-8116-exec-7] c.t.admin.client.AdminClientApplication  : 测试日志级别
2018-09-07 15:35:53.813 DEBUG 2285 --- [http-nio-8116-exec-9] c.t.admin.client.AdminClientApplication  : 测试日志级别
2018-09-07 15:36:05.134  INFO 2285 --- [http-nio-8116-exec-9] o.a.c.c.C.[Tomcat].[localhost].[/]       : jolokia-actuator-endpoint: No access restrictor found, access to any MBean is allowed
2018-09-07 15:39:47.576  INFO 2285 --- [Thread-14] ConfigServletWebServerApplicationContext : Closing org.springframework.boot.web.servlet.context.AnnotationConfigServletWebServerApplicationContext@479460a6: startup date [Fri Sep 07 15:29:50 CST 2018]; root of context hierarchy
2018-09-07 15:39:47.581  INFO 2285 --- [Thread-14] o.s.j.e.a.AnnotationMBeanExporter        : Unregistering JMX-exposed beans on shutdown
2018-09-07 15:39:47.581  INFO 2285 --- [Thread-14] o.s.s.c.ThreadPoolTaskScheduler          : Shutting down ExecutorService
2018-09-07 15:39:51.332  INFO 2327 --- [main] c.t.admin.client.AdminClientApplication  : Starting AdminClientApplication on zhangyh with PID 2327 (/Users/admin/IdeaProjects/aicar/admin-client/target/classes started by admin in /Users/admin/IdeaProjects/aicar)
2018-09-07 15:39:51.337  INFO 2327 --- [main] c.t.admin.client.AdminClientApplication  : No active profile set, falling back to default profiles: default
2018-09-07 15:39:51.414  INFO 2327 --- [main] ConfigServletWebServerApplicationContext : Refreshing org.springframework.boot.web.servlet.context.AnnotationConfigServletWebServerApplicationContext@5be46f9d: startup date [Fri Sep 07 15:39:51 CST 2018]; root of context hierarchy
2018-09-07 15:39:52.994  INFO 2327 --- [main] o.s.b.w.embedded.tomcat.TomcatWebServer  : Tomcat initialized with port(s): 8116 (http)
2018-09-07 15:39:53.013  INFO 2327 --- [main] o.apache.catalina.core.StandardService   : Starting service [Tomcat]
2018-09-07 15:39:53.014  INFO 2327 --- [main] org.apache.catalina.core.StandardEngine  : Starting Servlet Engine: Apache Tomcat/8.5.31
2018-09-07 15:39:53.018  INFO 2327 --- [localhost-startStop-1] o.a.catalina.core.AprLifecycleListener   : The APR based Apache Tomcat Native library which allows optimal performance in production environments was not found on the java.library.path: [/Users/admin/Library/Java/Extensions:/Library/Java/Extensions:/Network/Library/Java/Extensions:/System/Library/Java/Extensions:/usr/lib/java:.]
2018-09-07 15:39:53.084  INFO 2327 --- [localhost-startStop-1] o.a.c.c.C.[Tomcat].[localhost].[/]       : Initializing Spring embedded WebApplicationContext
2018-09-07 15:39:53.085  INFO 2327 --- [localhost-startStop-1] o.s.web.context.ContextLoader            : Root WebApplicationContext: initialization completed in 1672 ms
2018-09-07 15:39:53.785  INFO 2327 --- [localhost-startStop-1] o.s.b.w.servlet.FilterRegistrationBean   : Mapping filter: 'characterEncodingFilter' to: [/*]
2018-09-07 15:39:53.786  INFO 2327 --- [localhost-startStop-1] o.s.b.w.servlet.FilterRegistrationBean   : Mapping filter: 'hiddenHttpMethodFilter' to: [/*]
2018-09-07 15:39:53.786  INFO 2327 --- [localhost-startStop-1] o.s.b.w.servlet.FilterRegistrationBean   : Mapping filter: 'httpPutFormContentFilter' to: [/*]
2018-09-07 15:39:53.786  INFO 2327 --- [localhost-startStop-1] o.s.b.w.servlet.FilterRegistrationBean   : Mapping filter: 'requestContextFilter' to: [/*]
2018-09-07 15:39:53.787  INFO 2327 --- [localhost-startStop-1] .s.DelegatingFilterProxyRegistrationBean : Mapping filter: 'springSecurityFilterChain' to: [/*]
2018-09-07 15:39:53.787  INFO 2327 --- [localhost-startStop-1] o.s.b.w.servlet.FilterRegistrationBean   : Mapping filter: 'httpTraceFilter' to: [/*]
2018-09-07 15:39:53.787  INFO 2327 --- [localhost-startStop-1] o.s.b.w.servlet.FilterRegistrationBean   : Mapping filter: 'webMvcMetricsFilter' to: [/*]
2018-09-07 15:39:53.788  INFO 2327 --- [localhost-startStop-1] o.s.b.w.servlet.ServletRegistrationBean  : Servlet dispatcherServlet mapped to [/]
2018-09-07 15:39:53.789  INFO 2327 --- [localhost-startStop-1] o.s.b.a.e.web.ServletEndpointRegistrar   : Registered '/actuator/jolokia' to jolokia-actuator-endpoint
2018-09-07 15:39:54.042  INFO 2327 --- [main] o.s.w.s.handler.SimpleUrlHandlerMapping  : Mapped URL path [/**/favicon.ico] onto handler of type [class org.springframework.web.servlet.resource.ResourceHttpRequestHandler]
2018-09-07 15:39:54.219  INFO 2327 --- [main] s.w.s.m.m.a.RequestMappingHandlerAdapter : Looking for @ControllerAdvice: org.springframework.boot.web.servlet.context.AnnotationConfigServletWebServerApplicationContext@5be46f9d: startup date [Fri Sep 07 15:39:51 CST 2018]; root of context hierarchy
2018-09-07 15:39:54.382  INFO 2327 --- [main] s.w.s.m.m.a.RequestMappingHandlerMapping : Mapped "{[],methods=[GET]}" onto public java.lang.String com.ttyc.admin.client.AdminClientApplication.info()
2018-09-07 15:39:54.386  INFO 2327 --- [main] s.w.s.m.m.a.RequestMappingHandlerMapping : Mapped "{[/error]}" onto public org.springframework.http.ResponseEntity<java.util.Map<java.lang.String, java.lang.Object>> org.springframework.boot.autoconfigure.web.servlet.error.BasicErrorController.error(javax.servlet.http.HttpServletRequest)
2018-09-07 15:39:54.387  INFO 2327 --- [main] s.w.s.m.m.a.RequestMappingHandlerMapping : Mapped "{[/error],produces=[text/html]}" onto public org.springframework.web.servlet.ModelAndView org.springframework.boot.autoconfigure.web.servlet.error.BasicErrorController.errorHtml(javax.servlet.http.HttpServletRequest,javax.servlet.http.HttpServletResponse)
2018-09-07 15:39:54.420  INFO 2327 --- [main] o.s.w.s.handler.SimpleUrlHandlerMapping  : Mapped URL path [/webjars/**] onto handler of type [class org.springframework.web.servlet.resource.ResourceHttpRequestHandler]
2018-09-07 15:39:54.421  INFO 2327 --- [main] o.s.w.s.handler.SimpleUrlHandlerMapping  : Mapped URL path [/**] onto handler of type [class org.springframework.web.servlet.resource.ResourceHttpRequestHandler]
2018-09-07 15:39:54.712  INFO 2327 --- [main] o.s.s.c.ThreadPoolTaskScheduler          : Initializing ExecutorService 
2018-09-07 15:39:55.046  INFO 2327 --- [main] o.s.s.web.DefaultSecurityFilterChain     : Creating filter chain: org.springframework.security.web.util.matcher.AnyRequestMatcher@1, [org.springframework.security.web.context.request.async.WebAsyncManagerIntegrationFilter@68ddd415, org.springframework.security.web.context.SecurityContextPersistenceFilter@478b0739, org.springframework.security.web.header.HeaderWriterFilter@3513c84c, org.springframework.security.web.authentication.logout.LogoutFilter@d7bbf12, org.springframework.security.web.savedrequest.RequestCacheAwareFilter@51f95f0d, org.springframework.security.web.servletapi.SecurityContextHolderAwareRequestFilter@5d1b1c2a, org.springframework.security.web.authentication.AnonymousAuthenticationFilter@306c7bf6, org.springframework.security.web.session.SessionManagementFilter@716185fe, org.springframework.security.web.access.ExceptionTranslationFilter@2e4389ed, org.springframework.security.web.access.intercept.FilterSecurityInterceptor@377874b4]
2018-09-07 15:39:55.077  INFO 2327 --- [main] o.s.b.a.e.web.EndpointLinksResolver      : Exposing 16 endpoint(s) beneath base path '/actuator'
2018-09-07 15:39:55.091  INFO 2327 --- [main] s.b.a.e.w.s.WebMvcEndpointHandlerMapping : Mapped "{[/actuator/auditevents],methods=[GET],produces=[application/vnd.spring-boot.actuator.v2+json || application/json]}" onto public java.lang.Object org.springframework.boot.actuate.endpoint.web.servlet.AbstractWebMvcEndpointHandlerMapping$OperationHandler.handle(javax.servlet.http.HttpServletRequest,java.util.Map<java.lang.String, java.lang.String>)
2018-09-07 15:39:55.092  INFO 2327 --- [main] s.b.a.e.w.s.WebMvcEndpointHandlerMapping : Mapped "{[/actuator/beans],methods=[GET],produces=[application/vnd.spring-boot.actuator.v2+json || application/json]}" onto public java.lang.Object org.springframework.boot.actuate.endpoint.web.servlet.AbstractWebMvcEndpointHandlerMapping$OperationHandler.handle(javax.servlet.http.HttpServletRequest,java.util.Map<java.lang.String, java.lang.String>)
2018-09-07 15:39:55.093  INFO 2327 --- [main] s.b.a.e.w.s.WebMvcEndpointHandlerMapping : Mapped "{[/actuator/health],methods=[GET],produces=[application/vnd.spring-boot.actuator.v2+json || application/json]}" onto public java.lang.Object org.springframework.boot.actuate.endpoint.web.servlet.AbstractWebMvcEndpointHandlerMapping$OperationHandler.handle(javax.servlet.http.HttpServletRequest,java.util.Map<java.lang.String, java.lang.String>)
2018-09-07 15:39:55.094  INFO 2327 --- [main] s.b.a.e.w.s.WebMvcEndpointHandlerMapping : Mapped "{[/actuator/conditions],methods=[GET],produces=[application/vnd.spring-boot.actuator.v2+json || application/json]}" onto public java.lang.Object org.springframework.boot.actuate.endpoint.web.servlet.AbstractWebMvcEndpointHandlerMapping$OperationHandler.handle(javax.servlet.http.HttpServletRequest,java.util.Map<java.lang.String, java.lang.String>)
2018-09-07 15:39:55.095  INFO 2327 --- [main] s.b.a.e.w.s.WebMvcEndpointHandlerMapping : Mapped "{[/actuator/configprops],methods=[GET],produces=[application/vnd.spring-boot.actuator.v2+json || application/json]}" onto public java.lang.Object org.springframework.boot.actuate.endpoint.web.servlet.AbstractWebMvcEndpointHandlerMapping$OperationHandler.handle(javax.servlet.http.HttpServletRequest,java.util.Map<java.lang.String, java.lang.String>)
2018-09-07 15:39:55.095  INFO 2327 --- [main] s.b.a.e.w.s.WebMvcEndpointHandlerMapping : Mapped "{[/actuator/env],methods=[GET],produces=[application/vnd.spring-boot.actuator.v2+json || application/json]}" onto public java.lang.Object org.springframework.boot.actuate.endpoint.web.servlet.AbstractWebMvcEndpointHandlerMapping$OperationHandler.handle(javax.servlet.http.HttpServletRequest,java.util.Map<java.lang.String, java.lang.String>)
2018-09-07 15:39:55.095  INFO 2327 --- [main] s.b.a.e.w.s.WebMvcEndpointHandlerMapping : Mapped "{[/actuator/env/{toMatch}],methods=[GET],produces=[application/vnd.spring-boot.actuator.v2+json || application/json]}" onto public java.lang.Object org.springframework.boot.actuate.endpoint.web.servlet.AbstractWebMvcEndpointHandlerMapping$OperationHandler.handle(javax.servlet.http.HttpServletRequest,java.util.Map<java.lang.String, java.lang.String>)
2018-09-07 15:39:55.096  INFO 2327 --- [main] s.b.a.e.w.s.WebMvcEndpointHandlerMapping : Mapped "{[/actuator/info],methods=[GET],produces=[application/vnd.spring-boot.actuator.v2+json || application/json]}" onto public java.lang.Object org.springframework.boot.actuate.endpoint.web.servlet.AbstractWebMvcEndpointHandlerMapping$OperationHandler.handle(javax.servlet.http.HttpServletRequest,java.util.Map<java.lang.String, java.lang.String>)
2018-09-07 15:39:55.096  INFO 2327 --- [main] s.b.a.e.w.s.WebMvcEndpointHandlerMapping : Mapped "{[/actuator/logfile],methods=[GET],produces=[application/octet-stream]}" onto public java.lang.Object org.springframework.boot.actuate.endpoint.web.servlet.AbstractWebMvcEndpointHandlerMapping$OperationHandler.handle(javax.servlet.http.HttpServletRequest,java.util.Map<java.lang.String, java.lang.String>)
2018-09-07 15:39:55.097  INFO 2327 --- [main] s.b.a.e.w.s.WebMvcEndpointHandlerMapping : Mapped "{[/actuator/loggers/{name}],methods=[GET],produces=[application/vnd.spring-boot.actuator.v2+json || application/json]}" onto public java.lang.Object org.springframework.boot.actuate.endpoint.web.servlet.AbstractWebMvcEndpointHandlerMapping$OperationHandler.handle(javax.servlet.http.HttpServletRequest,java.util.Map<java.lang.String, java.lang.String>)
2018-09-07 15:39:55.097  INFO 2327 --- [main] s.b.a.e.w.s.WebMvcEndpointHandlerMapping : Mapped "{[/actuator/loggers/{name}],methods=[POST],consumes=[application/vnd.spring-boot.actuator.v2+json || application/json]}" onto public java.lang.Object org.springframework.boot.actuate.endpoint.web.servlet.AbstractWebMvcEndpointHandlerMapping$OperationHandler.handle(javax.servlet.http.HttpServletRequest,java.util.Map<java.lang.String, java.lang.String>)
2018-09-07 15:39:55.098  INFO 2327 --- [main] s.b.a.e.w.s.WebMvcEndpointHandlerMapping : Mapped "{[/actuator/loggers],methods=[GET],produces=[application/vnd.spring-boot.actuator.v2+json || application/json]}" onto public java.lang.Object org.springframework.boot.actuate.endpoint.web.servlet.AbstractWebMvcEndpointHandlerMapping$OperationHandler.handle(javax.servlet.http.HttpServletRequest,java.util.Map<java.lang.String, java.lang.String>)
2018-09-07 15:39:55.098  INFO 2327 --- [main] s.b.a.e.w.s.WebMvcEndpointHandlerMapping : Mapped "{[/actuator/heapdump],methods=[GET],produces=[application/octet-stream]}" onto public java.lang.Object org.springframework.boot.actuate.endpoint.web.servlet.AbstractWebMvcEndpointHandlerMapping$OperationHandler.handle(javax.servlet.http.HttpServletRequest,java.util.Map<java.lang.String, java.lang.String>)
2018-09-07 15:39:55.098  INFO 2327 --- [main] s.b.a.e.w.s.WebMvcEndpointHandlerMapping : Mapped "{[/actuator/threaddump],methods=[GET],produces=[application/vnd.spring-boot.actuator.v2+json || application/json]}" onto public java.lang.Object org.springframework.boot.actuate.endpoint.web.servlet.AbstractWebMvcEndpointHandlerMapping$OperationHandler.handle(javax.servlet.http.HttpServletRequest,java.util.Map<java.lang.String, java.lang.String>)
2018-09-07 15:39:55.098  INFO 2327 --- [main] s.b.a.e.w.s.WebMvcEndpointHandlerMapping : Mapped "{[/actuator/metrics/{requiredMetricName}],methods=[GET],produces=[application/vnd.spring-boot.actuator.v2+json || application/json]}" onto public java.lang.Object org.springframework.boot.actuate.endpoint.web.servlet.AbstractWebMvcEndpointHandlerMapping$OperationHandler.handle(javax.servlet.http.HttpServletRequest,java.util.Map<java.lang.String, java.lang.String>)
2018-09-07 15:39:55.099  INFO 2327 --- [main] s.b.a.e.w.s.WebMvcEndpointHandlerMapping : Mapped "{[/actuator/metrics],methods=[GET],produces=[application/vnd.spring-boot.actuator.v2+json || application/json]}" onto public java.lang.Object org.springframework.boot.actuate.endpoint.web.servlet.AbstractWebMvcEndpointHandlerMapping$OperationHandler.handle(javax.servlet.http.HttpServletRequest,java.util.Map<java.lang.String, java.lang.String>)
2018-09-07 15:39:55.099  INFO 2327 --- [main] s.b.a.e.w.s.WebMvcEndpointHandlerMapping : Mapped "{[/actuator/scheduledtasks],methods=[GET],produces=[application/vnd.spring-boot.actuator.v2+json || application/json]}" onto public java.lang.Object org.springframework.boot.actuate.endpoint.web.servlet.AbstractWebMvcEndpointHandlerMapping$OperationHandler.handle(javax.servlet.http.HttpServletRequest,java.util.Map<java.lang.String, java.lang.String>)
2018-09-07 15:39:55.099  INFO 2327 --- [main] s.b.a.e.w.s.WebMvcEndpointHandlerMapping : Mapped "{[/actuator/httptrace],methods=[GET],produces=[application/vnd.spring-boot.actuator.v2+json || application/json]}" onto public java.lang.Object org.springframework.boot.actuate.endpoint.web.servlet.AbstractWebMvcEndpointHandlerMapping$OperationHandler.handle(javax.servlet.http.HttpServletRequest,java.util.Map<java.lang.String, java.lang.String>)
2018-09-07 15:39:55.099  INFO 2327 --- [main] s.b.a.e.w.s.WebMvcEndpointHandlerMapping : Mapped "{[/actuator/mappings],methods=[GET],produces=[application/vnd.spring-boot.actuator.v2+json || application/json]}" onto public java.lang.Object org.springframework.boot.actuate.endpoint.web.servlet.AbstractWebMvcEndpointHandlerMapping$OperationHandler.handle(javax.servlet.http.HttpServletRequest,java.util.Map<java.lang.String, java.lang.String>)
2018-09-07 15:39:55.100  INFO 2327 --- [main] s.b.a.e.w.s.WebMvcEndpointHandlerMapping : Mapped "{[/actuator],methods=[GET],produces=[application/vnd.spring-boot.actuator.v2+json || application/json]}" onto protected java.util.Map<java.lang.String, java.util.Map<java.lang.String, org.springframework.boot.actuate.endpoint.web.Link>> org.springframework.boot.actuate.endpoint.web.servlet.WebMvcEndpointHandlerMapping.links(javax.servlet.http.HttpServletRequest,javax.servlet.http.HttpServletResponse)
2018-09-07 15:39:55.157  INFO 2327 --- [main] o.s.j.e.a.AnnotationMBeanExporter        : Registering beans for JMX exposure on startup
2018-09-07 15:39:55.180  INFO 2327 --- [main] s.a.ScheduledAnnotationBeanPostProcessor : No TaskScheduler/ScheduledExecutorService bean found for scheduled processing
2018-09-07 15:39:55.230  INFO 2327 --- [main] o.s.b.w.embedded.tomcat.TomcatWebServer  : Tomcat started on port(s): 8116 (http) with context path ''
2018-09-07 15:39:55.235  INFO 2327 --- [main] c.t.admin.client.AdminClientApplication  : Started AdminClientApplication in 4.419 seconds (JVM running for 5.202)
2018-09-07 15:39:55.366  INFO 2327 --- [registrationTask1] d.c.b.a.c.r.ApplicationRegistrator       : Application registered itself as e8eb8918fb7b
2018-09-07 15:39:55.412  INFO 2327 --- [http-nio-8116-exec-1] o.a.c.c.C.[Tomcat].[localhost].[/]       : Initializing Spring FrameworkServlet 'dispatcherServlet'
2018-09-07 15:39:55.413  INFO 2327 --- [http-nio-8116-exec-1] o.s.web.servlet.DispatcherServlet        : FrameworkServlet 'dispatcherServlet': initialization started
2018-09-07 15:39:55.433  INFO 2327 --- [http-nio-8116-exec-1] o.s.web.servlet.DispatcherServlet        : FrameworkServlet 'dispatcherServlet': initialization completed in 20 ms
2018-09-07 15:42:31.578  INFO 2327 --- [Thread-14] ConfigServletWebServerApplicationContext : Closing org.springframework.boot.web.servlet.context.AnnotationConfigServletWebServerApplicationContext@5be46f9d: startup date [Fri Sep 07 15:39:51 CST 2018]; root of context hierarchy
2018-09-07 15:42:31.583  INFO 2327 --- [Thread-14] o.s.j.e.a.AnnotationMBeanExporter        : Unregistering JMX-exposed beans on shutdown
2018-09-07 15:42:31.584  INFO 2327 --- [Thread-14] o.s.s.c.ThreadPoolTaskScheduler          : Shutting down ExecutorService
2018-09-07 15:42:34.901  INFO 2346 --- [main] c.t.admin.client.AdminClientApplication  : Starting AdminClientApplication on zhangyh with PID 2346 (/Users/admin/IdeaProjects/aicar/admin-client/target/classes started by admin in /Users/admin/IdeaProjects/aicar)
2018-09-07 15:42:34.905  INFO 2346 --- [main] c.t.admin.client.AdminClientApplication  : No active profile set, falling back to default profiles: default
2018-09-07 15:42:34.966  INFO 2346 --- [main] ConfigServletWebServerApplicationContext : Refreshing org.springframework.boot.web.servlet.context.AnnotationConfigServletWebServerApplicationContext@5be46f9d: startup date [Fri Sep 07 15:42:34 CST 2018]; root of context hierarchy
2018-09-07 15:42:36.511  INFO 2346 --- [main] o.s.b.w.embedded.tomcat.TomcatWebServer  : Tomcat initialized with port(s): 8116 (http)
2018-09-07 15:42:36.532  INFO 2346 --- [main] o.apache.catalina.core.StandardService   : Starting service [Tomcat]
2018-09-07 15:42:36.532  INFO 2346 --- [main] org.apache.catalina.core.StandardEngine  : Starting Servlet Engine: Apache Tomcat/8.5.31
2018-09-07 15:42:36.537  INFO 2346 --- [localhost-startStop-1] o.a.catalina.core.AprLifecycleListener   : The APR based Apache Tomcat Native library which allows optimal performance in production environments was not found on the java.library.path: [/Users/admin/Library/Java/Extensions:/Library/Java/Extensions:/Network/Library/Java/Extensions:/System/Library/Java/Extensions:/usr/lib/java:.]
2018-09-07 15:42:36.608  INFO 2346 --- [localhost-startStop-1] o.a.c.c.C.[Tomcat].[localhost].[/]       : Initializing Spring embedded WebApplicationContext
2018-09-07 15:42:36.609  INFO 2346 --- [localhost-startStop-1] o.s.web.context.ContextLoader            : Root WebApplicationContext: initialization completed in 1642 ms
2018-09-07 15:42:37.278  INFO 2346 --- [localhost-startStop-1] o.s.b.w.servlet.FilterRegistrationBean   : Mapping filter: 'characterEncodingFilter' to: [/*]
2018-09-07 15:42:37.278  INFO 2346 --- [localhost-startStop-1] o.s.b.w.servlet.FilterRegistrationBean   : Mapping filter: 'hiddenHttpMethodFilter' to: [/*]
2018-09-07 15:42:37.278  INFO 2346 --- [localhost-startStop-1] o.s.b.w.servlet.FilterRegistrationBean   : Mapping filter: 'httpPutFormContentFilter' to: [/*]
2018-09-07 15:42:37.279  INFO 2346 --- [localhost-startStop-1] o.s.b.w.servlet.FilterRegistrationBean   : Mapping filter: 'requestContextFilter' to: [/*]
2018-09-07 15:42:37.279  INFO 2346 --- [localhost-startStop-1] .s.DelegatingFilterProxyRegistrationBean : Mapping filter: 'springSecurityFilterChain' to: [/*]
2018-09-07 15:42:37.279  INFO 2346 --- [localhost-startStop-1] o.s.b.w.servlet.FilterRegistrationBean   : Mapping filter: 'httpTraceFilter' to: [/*]
2018-09-07 15:42:37.280  INFO 2346 --- [localhost-startStop-1] o.s.b.w.servlet.FilterRegistrationBean   : Mapping filter: 'webMvcMetricsFilter' to: [/*]
2018-09-07 15:42:37.280  INFO 2346 --- [localhost-startStop-1] o.s.b.w.servlet.ServletRegistrationBean  : Servlet dispatcherServlet mapped to [/]
2018-09-07 15:42:37.281  INFO 2346 --- [localhost-startStop-1] o.s.b.a.e.web.ServletEndpointRegistrar   : Registered '/actuator/jolokia' to jolokia-actuator-endpoint
2018-09-07 15:42:37.522  INFO 2346 --- [main] o.s.w.s.handler.SimpleUrlHandlerMapping  : Mapped URL path [/**/favicon.ico] onto handler of type [class org.springframework.web.servlet.resource.ResourceHttpRequestHandler]
2018-09-07 15:42:37.718  INFO 2346 --- [main] s.w.s.m.m.a.RequestMappingHandlerAdapter : Looking for @ControllerAdvice: org.springframework.boot.web.servlet.context.AnnotationConfigServletWebServerApplicationContext@5be46f9d: startup date [Fri Sep 07 15:42:34 CST 2018]; root of context hierarchy
2018-09-07 15:42:37.872  INFO 2346 --- [main] s.w.s.m.m.a.RequestMappingHandlerMapping : Mapped "{[],methods=[GET]}" onto public java.lang.String com.ttyc.admin.client.AdminClientApplication.info()
2018-09-07 15:42:37.877  INFO 2346 --- [main] s.w.s.m.m.a.RequestMappingHandlerMapping : Mapped "{[/error]}" onto public org.springframework.http.ResponseEntity<java.util.Map<java.lang.String, java.lang.Object>> org.springframework.boot.autoconfigure.web.servlet.error.BasicErrorController.error(javax.servlet.http.HttpServletRequest)
2018-09-07 15:42:37.878  INFO 2346 --- [main] s.w.s.m.m.a.RequestMappingHandlerMapping : Mapped "{[/error],produces=[text/html]}" onto public org.springframework.web.servlet.ModelAndView org.springframework.boot.autoconfigure.web.servlet.error.BasicErrorController.errorHtml(javax.servlet.http.HttpServletRequest,javax.servlet.http.HttpServletResponse)
2018-09-07 15:42:37.911  INFO 2346 --- [main] o.s.w.s.handler.SimpleUrlHandlerMapping  : Mapped URL path [/webjars/**] onto handler of type [class org.springframework.web.servlet.resource.ResourceHttpRequestHandler]
2018-09-07 15:42:37.911  INFO 2346 --- [main] o.s.w.s.handler.SimpleUrlHandlerMapping  : Mapped URL path [/**] onto handler of type [class org.springframework.web.servlet.resource.ResourceHttpRequestHandler]
2018-09-07 15:42:38.188  INFO 2346 --- [main] o.s.s.c.ThreadPoolTaskScheduler          : Initializing ExecutorService 
2018-09-07 15:42:38.521  INFO 2346 --- [main] o.s.s.web.DefaultSecurityFilterChain     : Creating filter chain: org.springframework.security.web.util.matcher.AnyRequestMatcher@1, [org.springframework.security.web.context.request.async.WebAsyncManagerIntegrationFilter@76d7881e, org.springframework.security.web.context.SecurityContextPersistenceFilter@4de79b7d, org.springframework.security.web.header.HeaderWriterFilter@5f7eee96, org.springframework.security.web.authentication.logout.LogoutFilter@43ecfeb5, org.springframework.security.web.savedrequest.RequestCacheAwareFilter@4c51077d, org.springframework.security.web.servletapi.SecurityContextHolderAwareRequestFilter@6a6c7f42, org.springframework.security.web.authentication.AnonymousAuthenticationFilter@4aa31ffc, org.springframework.security.web.session.SessionManagementFilter@5d512ddb, org.springframework.security.web.access.ExceptionTranslationFilter@d7bbf12, org.springframework.security.web.access.intercept.FilterSecurityInterceptor@3332c7a5]
2018-09-07 15:42:38.546  INFO 2346 --- [main] o.s.b.a.e.web.EndpointLinksResolver      : Exposing 16 endpoint(s) beneath base path '/actuator'
2018-09-07 15:42:38.558  INFO 2346 --- [main] s.b.a.e.w.s.WebMvcEndpointHandlerMapping : Mapped "{[/actuator/auditevents],methods=[GET],produces=[application/vnd.spring-boot.actuator.v2+json || application/json]}" onto public java.lang.Object org.springframework.boot.actuate.endpoint.web.servlet.AbstractWebMvcEndpointHandlerMapping$OperationHandler.handle(javax.servlet.http.HttpServletRequest,java.util.Map<java.lang.String, java.lang.String>)
2018-09-07 15:42:38.560  INFO 2346 --- [main] s.b.a.e.w.s.WebMvcEndpointHandlerMapping : Mapped "{[/actuator/beans],methods=[GET],produces=[application/vnd.spring-boot.actuator.v2+json || application/json]}" onto public java.lang.Object org.springframework.boot.actuate.endpoint.web.servlet.AbstractWebMvcEndpointHandlerMapping$OperationHandler.handle(javax.servlet.http.HttpServletRequest,java.util.Map<java.lang.String, java.lang.String>)
2018-09-07 15:42:38.560  INFO 2346 --- [main] s.b.a.e.w.s.WebMvcEndpointHandlerMapping : Mapped "{[/actuator/health],methods=[GET],produces=[application/vnd.spring-boot.actuator.v2+json || application/json]}" onto public java.lang.Object org.springframework.boot.actuate.endpoint.web.servlet.AbstractWebMvcEndpointHandlerMapping$OperationHandler.handle(javax.servlet.http.HttpServletRequest,java.util.Map<java.lang.String, java.lang.String>)
2018-09-07 15:42:38.561  INFO 2346 --- [main] s.b.a.e.w.s.WebMvcEndpointHandlerMapping : Mapped "{[/actuator/conditions],methods=[GET],produces=[application/vnd.spring-boot.actuator.v2+json || application/json]}" onto public java.lang.Object org.springframework.boot.actuate.endpoint.web.servlet.AbstractWebMvcEndpointHandlerMapping$OperationHandler.handle(javax.servlet.http.HttpServletRequest,java.util.Map<java.lang.String, java.lang.String>)
2018-09-07 15:42:38.561  INFO 2346 --- [main] s.b.a.e.w.s.WebMvcEndpointHandlerMapping : Mapped "{[/actuator/configprops],methods=[GET],produces=[application/vnd.spring-boot.actuator.v2+json || application/json]}" onto public java.lang.Object org.springframework.boot.actuate.endpoint.web.servlet.AbstractWebMvcEndpointHandlerMapping$OperationHandler.handle(javax.servlet.http.HttpServletRequest,java.util.Map<java.lang.String, java.lang.String>)
2018-09-07 15:42:38.562  INFO 2346 --- [main] s.b.a.e.w.s.WebMvcEndpointHandlerMapping : Mapped "{[/actuator/env],methods=[GET],produces=[application/vnd.spring-boot.actuator.v2+json || application/json]}" onto public java.lang.Object org.springframework.boot.actuate.endpoint.web.servlet.AbstractWebMvcEndpointHandlerMapping$OperationHandler.handle(javax.servlet.http.HttpServletRequest,java.util.Map<java.lang.String, java.lang.String>)
2018-09-07 15:42:38.562  INFO 2346 --- [main] s.b.a.e.w.s.WebMvcEndpointHandlerMapping : Mapped "{[/actuator/env/{toMatch}],methods=[GET],produces=[application/vnd.spring-boot.actuator.v2+json || application/json]}" onto public java.lang.Object org.springframework.boot.actuate.endpoint.web.servlet.AbstractWebMvcEndpointHandlerMapping$OperationHandler.handle(javax.servlet.http.HttpServletRequest,java.util.Map<java.lang.String, java.lang.String>)
2018-09-07 15:42:38.562  INFO 2346 --- [main] s.b.a.e.w.s.WebMvcEndpointHandlerMapping : Mapped "{[/actuator/info],methods=[GET],produces=[application/vnd.spring-boot.actuator.v2+json || application/json]}" onto public java.lang.Object org.springframework.boot.actuate.endpoint.web.servlet.AbstractWebMvcEndpointHandlerMapping$OperationHandler.handle(javax.servlet.http.HttpServletRequest,java.util.Map<java.lang.String, java.lang.String>)
2018-09-07 15:42:38.563  INFO 2346 --- [main] s.b.a.e.w.s.WebMvcEndpointHandlerMapping : Mapped "{[/actuator/logfile],methods=[GET],produces=[application/octet-stream]}" onto public java.lang.Object org.springframework.boot.actuate.endpoint.web.servlet.AbstractWebMvcEndpointHandlerMapping$OperationHandler.handle(javax.servlet.http.HttpServletRequest,java.util.Map<java.lang.String, java.lang.String>)
2018-09-07 15:42:38.563  INFO 2346 --- [main] s.b.a.e.w.s.WebMvcEndpointHandlerMapping : Mapped "{[/actuator/loggers/{name}],methods=[GET],produces=[application/vnd.spring-boot.actuator.v2+json || application/json]}" onto public java.lang.Object org.springframework.boot.actuate.endpoint.web.servlet.AbstractWebMvcEndpointHandlerMapping$OperationHandler.handle(javax.servlet.http.HttpServletRequest,java.util.Map<java.lang.String, java.lang.String>)
2018-09-07 15:42:38.564  INFO 2346 --- [main] s.b.a.e.w.s.WebMvcEndpointHandlerMapping : Mapped "{[/actuator/loggers/{name}],methods=[POST],consumes=[application/vnd.spring-boot.actuator.v2+json || application/json]}" onto public java.lang.Object org.springframework.boot.actuate.endpoint.web.servlet.AbstractWebMvcEndpointHandlerMapping$OperationHandler.handle(javax.servlet.http.HttpServletRequest,java.util.Map<java.lang.String, java.lang.String>)
2018-09-07 15:42:38.565  INFO 2346 --- [main] s.b.a.e.w.s.WebMvcEndpointHandlerMapping : Mapped "{[/actuator/loggers],methods=[GET],produces=[application/vnd.spring-boot.actuator.v2+json || application/json]}" onto public java.lang.Object org.springframework.boot.actuate.endpoint.web.servlet.AbstractWebMvcEndpointHandlerMapping$OperationHandler.handle(javax.servlet.http.HttpServletRequest,java.util.Map<java.lang.String, java.lang.String>)
2018-09-07 15:42:38.565  INFO 2346 --- [main] s.b.a.e.w.s.WebMvcEndpointHandlerMapping : Mapped "{[/actuator/heapdump],methods=[GET],produces=[application/octet-stream]}" onto public java.lang.Object org.springframework.boot.actuate.endpoint.web.servlet.AbstractWebMvcEndpointHandlerMapping$OperationHandler.handle(javax.servlet.http.HttpServletRequest,java.util.Map<java.lang.String, java.lang.String>)
2018-09-07 15:42:38.565  INFO 2346 --- [main] s.b.a.e.w.s.WebMvcEndpointHandlerMapping : Mapped "{[/actuator/threaddump],methods=[GET],produces=[application/vnd.spring-boot.actuator.v2+json || application/json]}" onto public java.lang.Object org.springframework.boot.actuate.endpoint.web.servlet.AbstractWebMvcEndpointHandlerMapping$OperationHandler.handle(javax.servlet.http.HttpServletRequest,java.util.Map<java.lang.String, java.lang.String>)
2018-09-07 15:42:38.565  INFO 2346 --- [main] s.b.a.e.w.s.WebMvcEndpointHandlerMapping : Mapped "{[/actuator/metrics/{requiredMetricName}],methods=[GET],produces=[application/vnd.spring-boot.actuator.v2+json || application/json]}" onto public java.lang.Object org.springframework.boot.actuate.endpoint.web.servlet.AbstractWebMvcEndpointHandlerMapping$OperationHandler.handle(javax.servlet.http.HttpServletRequest,java.util.Map<java.lang.String, java.lang.String>)
2018-09-07 15:42:38.566  INFO 2346 --- [main] s.b.a.e.w.s.WebMvcEndpointHandlerMapping : Mapped "{[/actuator/metrics],methods=[GET],produces=[application/vnd.spring-boot.actuator.v2+json || application/json]}" onto public java.lang.Object org.springframework.boot.actuate.endpoint.web.servlet.AbstractWebMvcEndpointHandlerMapping$OperationHandler.handle(javax.servlet.http.HttpServletRequest,java.util.Map<java.lang.String, java.lang.String>)
2018-09-07 15:42:38.566  INFO 2346 --- [main] s.b.a.e.w.s.WebMvcEndpointHandlerMapping : Mapped "{[/actuator/scheduledtasks],methods=[GET],produces=[application/vnd.spring-boot.actuator.v2+json || application/json]}" onto public java.lang.Object org.springframework.boot.actuate.endpoint.web.servlet.AbstractWebMvcEndpointHandlerMapping$OperationHandler.handle(javax.servlet.http.HttpServletRequest,java.util.Map<java.lang.String, java.lang.String>)
2018-09-07 15:42:38.566  INFO 2346 --- [main] s.b.a.e.w.s.WebMvcEndpointHandlerMapping : Mapped "{[/actuator/httptrace],methods=[GET],produces=[application/vnd.spring-boot.actuator.v2+json || application/json]}" onto public java.lang.Object org.springframework.boot.actuate.endpoint.web.servlet.AbstractWebMvcEndpointHandlerMapping$OperationHandler.handle(javax.servlet.http.HttpServletRequest,java.util.Map<java.lang.String, java.lang.String>)
2018-09-07 15:42:38.566  INFO 2346 --- [main] s.b.a.e.w.s.WebMvcEndpointHandlerMapping : Mapped "{[/actuator/mappings],methods=[GET],produces=[application/vnd.spring-boot.actuator.v2+json || application/json]}" onto public java.lang.Object org.springframework.boot.actuate.endpoint.web.servlet.AbstractWebMvcEndpointHandlerMapping$OperationHandler.handle(javax.servlet.http.HttpServletRequest,java.util.Map<java.lang.String, java.lang.String>)
2018-09-07 15:42:38.567  INFO 2346 --- [main] s.b.a.e.w.s.WebMvcEndpointHandlerMapping : Mapped "{[/actuator],methods=[GET],produces=[application/vnd.spring-boot.actuator.v2+json || application/json]}" onto protected java.util.Map<java.lang.String, java.util.Map<java.lang.String, org.springframework.boot.actuate.endpoint.web.Link>> org.springframework.boot.actuate.endpoint.web.servlet.WebMvcEndpointHandlerMapping.links(javax.servlet.http.HttpServletRequest,javax.servlet.http.HttpServletResponse)
2018-09-07 15:42:38.622  INFO 2346 --- [main] o.s.j.e.a.AnnotationMBeanExporter        : Registering beans for JMX exposure on startup
2018-09-07 15:42:38.644  INFO 2346 --- [main] s.a.ScheduledAnnotationBeanPostProcessor : No TaskScheduler/ScheduledExecutorService bean found for scheduled processing
2018-09-07 15:42:38.694  INFO 2346 --- [main] o.s.b.w.embedded.tomcat.TomcatWebServer  : Tomcat started on port(s): 8116 (http) with context path ''
2018-09-07 15:42:38.699  INFO 2346 --- [main] c.t.admin.client.AdminClientApplication  : Started AdminClientApplication in 4.273 seconds (JVM running for 5.096)
2018-09-07 15:42:38.842  INFO 2346 --- [registrationTask1] d.c.b.a.c.r.ApplicationRegistrator       : Application registered itself as e8eb8918fb7b
2018-09-07 15:42:38.921  INFO 2346 --- [http-nio-8116-exec-1] o.a.c.c.C.[Tomcat].[localhost].[/]       : Initializing Spring FrameworkServlet 'dispatcherServlet'
2018-09-07 15:42:38.921  INFO 2346 --- [http-nio-8116-exec-1] o.s.web.servlet.DispatcherServlet        : FrameworkServlet 'dispatcherServlet': initialization started
2018-09-07 15:42:38.960  INFO 2346 --- [http-nio-8116-exec-1] o.s.web.servlet.DispatcherServlet        : FrameworkServlet 'dispatcherServlet': initialization completed in 38 ms
2018-09-07 15:43:10.003 DEBUG 2346 --- [pool-1-thread-1] com.ttyc.admin.client.config.TaskConfig  : 测试定时任务
2018-09-07 15:43:20.001 DEBUG 2346 --- [pool-1-thread-1] com.ttyc.admin.client.config.TaskConfig  : 测试定时任务
2018-09-07 15:43:30.000 DEBUG 2346 --- [pool-1-thread-1] com.ttyc.admin.client.config.TaskConfig  : 测试定时任务
2018-09-07 15:43:40.001 DEBUG 2346 --- [pool-1-thread-1] com.ttyc.admin.client.config.TaskConfig  : 测试定时任务
2018-09-07 15:43:50.003 DEBUG 2346 --- [pool-1-thread-1] com.ttyc.admin.client.config.TaskConfig  : 测试定时任务
2018-09-07 15:44:00.000 DEBUG 2346 --- [pool-1-thread-1] com.ttyc.admin.client.config.TaskConfig  : 测试定时任务
2018-09-07 15:44:10.001 DEBUG 2346 --- [pool-1-thread-1] com.ttyc.admin.client.config.TaskConfig  : 测试定时任务
2018-09-07 15:44:20.003 DEBUG 2346 --- [pool-1-thread-1] com.ttyc.admin.client.config.TaskConfig  : 测试定时任务
2018-09-07 15:44:30.005 DEBUG 2346 --- [pool-1-thread-1] com.ttyc.admin.client.config.TaskConfig  : 测试定时任务
2018-09-07 15:44:40.000 DEBUG 2346 --- [pool-1-thread-1] com.ttyc.admin.client.config.TaskConfig  : 测试定时任务
2018-09-07 15:44:50.003 DEBUG 2346 --- [pool-1-thread-1] com.ttyc.admin.client.config.TaskConfig  : 测试定时任务
2018-09-07 15:45:00.005 DEBUG 2346 --- [pool-1-thread-1] com.ttyc.admin.client.config.TaskConfig  : 测试定时任务
2018-09-07 15:45:10.003 DEBUG 2346 --- [pool-1-thread-1] com.ttyc.admin.client.config.TaskConfig  : 测试定时任务
2018-09-07 15:45:19.999 DEBUG 2346 --- [pool-1-thread-1] com.ttyc.admin.client.config.TaskConfig  : 测试定时任务
2018-09-07 15:45:29.999 DEBUG 2346 --- [pool-1-thread-1] com.ttyc.admin.client.config.TaskConfig  : 测试定时任务
2018-09-07 15:45:40.004 DEBUG 2346 --- [pool-1-thread-1] com.ttyc.admin.client.config.TaskConfig  : 测试定时任务
2018-09-07 15:45:50.003 DEBUG 2346 --- [pool-1-thread-1] com.ttyc.admin.client.config.TaskConfig  : 测试定时任务
2018-09-07 15:46:00.005 DEBUG 2346 --- [pool-1-thread-1] com.ttyc.admin.client.config.TaskConfig  : 测试定时任务
2018-09-07 15:46:10.004 DEBUG 2346 --- [pool-1-thread-1] com.ttyc.admin.client.config.TaskConfig  : 测试定时任务
2018-09-07 15:46:20.003 DEBUG 2346 --- [pool-1-thread-1] com.ttyc.admin.client.config.TaskConfig  : 测试定时任务
2018-09-07 15:46:30.002 DEBUG 2346 --- [pool-1-thread-1] com.ttyc.admin.client.config.TaskConfig  : 测试定时任务
2018-09-07 15:46:40.003 DEBUG 2346 --- [pool-1-thread-1] com.ttyc.admin.client.config.TaskConfig  : 测试定时任务
2018-09-07 15:46:50.002 DEBUG 2346 --- [pool-1-thread-1] com.ttyc.admin.client.config.TaskConfig  : 测试定时任务
2018-09-07 15:47:00.002 DEBUG 2346 --- [pool-1-thread-1] com.ttyc.admin.client.config.TaskConfig  : 测试定时任务
2018-09-07 15:47:10.003 DEBUG 2346 --- [pool-1-thread-1] com.ttyc.admin.client.config.TaskConfig  : 测试定时任务
2018-09-07 15:47:20.002 DEBUG 2346 --- [pool-1-thread-1] com.ttyc.admin.client.config.TaskConfig  : 测试定时任务
2018-09-07 15:47:30.002 DEBUG 2346 --- [pool-1-thread-1] com.ttyc.admin.client.config.TaskConfig  : 测试定时任务
2018-09-07 15:47:40.001 DEBUG 2346 --- [pool-1-thread-1] com.ttyc.admin.client.config.TaskConfig  : 测试定时任务
2018-09-07 15:47:50.004 DEBUG 2346 --- [pool-1-thread-1] com.ttyc.admin.client.config.TaskConfig  : 测试定时任务
2018-09-07 15:48:00.003 DEBUG 2346 --- [pool-1-thread-1] com.ttyc.admin.client.config.TaskConfig  : 测试定时任务
2018-09-07 15:48:10.004 DEBUG 2346 --- [pool-1-thread-1] com.ttyc.admin.client.config.TaskConfig  : 测试定时任务
2018-09-07 15:48:20.005 DEBUG 2346 --- [pool-1-thread-1] com.ttyc.admin.client.config.TaskConfig  : 测试定时任务
2018-09-07 15:48:30.002 DEBUG 2346 --- [pool-1-thread-1] com.ttyc.admin.client.config.TaskConfig  : 测试定时任务
2018-09-07 15:48:40.004 DEBUG 2346 --- [pool-1-thread-1] com.ttyc.admin.client.config.TaskConfig  : 测试定时任务
2018-09-07 15:48:50.003 DEBUG 2346 --- [pool-1-thread-1] com.ttyc.admin.client.config.TaskConfig  : 测试定时任务
2018-09-07 15:49:00.001 DEBUG 2346 --- [pool-1-thread-1] com.ttyc.admin.client.config.TaskConfig  : 测试定时任务
2018-09-07 15:49:10.003 DEBUG 2346 --- [pool-1-thread-1] com.ttyc.admin.client.config.TaskConfig  : 测试定时任务
2018-09-07 15:49:20.005 DEBUG 2346 --- [pool-1-thread-1] com.ttyc.admin.client.config.TaskConfig  : 测试定时任务
2018-09-07 15:49:30.002 DEBUG 2346 --- [pool-1-thread-1] com.ttyc.admin.client.config.TaskConfig  : 测试定时任务
2018-09-07 15:49:40.001 DEBUG 2346 --- [pool-1-thread-1] com.ttyc.admin.client.config.TaskConfig  : 测试定时任务
2018-09-07 15:49:50.004 DEBUG 2346 --- [pool-1-thread-1] com.ttyc.admin.client.config.TaskConfig  : 测试定时任务
2018-09-07 15:50:00.003 DEBUG 2346 --- [pool-1-thread-1] com.ttyc.admin.client.config.TaskConfig  : 测试定时任务
2018-09-07 15:50:10.002 DEBUG 2346 --- [pool-1-thread-1] com.ttyc.admin.client.config.TaskConfig  : 测试定时任务
2018-09-07 15:50:20.002 DEBUG 2346 --- [pool-1-thread-1] com.ttyc.admin.client.config.TaskConfig  : 测试定时任务
2018-09-07 15:50:30.001 DEBUG 2346 --- [pool-1-thread-1] com.ttyc.admin.client.config.TaskConfig  : 测试定时任务
2018-09-07 15:50:40.003 DEBUG 2346 --- [pool-1-thread-1] com.ttyc.admin.client.config.TaskConfig  : 测试定时任务
2018-09-07 15:50:50.004 DEBUG 2346 --- [pool-1-thread-1] com.ttyc.admin.client.config.TaskConfig  : 测试定时任务
2018-09-07 15:51:00.003 DEBUG 2346 --- [pool-1-thread-1] com.ttyc.admin.client.config.TaskConfig  : 测试定时任务
